[0504/211031.570:ERROR:directory_reader_win.cc(43)] FindFirstFile: The system cannot find the path specified. (0x3)
[0504/211057.711:ERROR:directory_reader_win.cc(43)] FindFirstFile: The system cannot find the path specified. (0x3)
[0504/211332.042:ERROR:directory_reader_win.cc(43)] FindFirstFile: The system cannot find the path specified. (0x3)
[0504/212820.355:ERROR:directory_reader_win.cc(43)] FindFirstFile: The system cannot find the path specified. (0x3)
[0505/194044.735:ERROR:directory_reader_win.cc(43)] FindFirstFile: The system cannot find the path specified. (0x3)
[0505/194736.134:ERROR:directory_reader_win.cc(43)] FindFirstFile: The system cannot find the path specified. (0x3)
[0505/201453.960:ERROR:directory_reader_win.cc(43)] FindFirstFile: The system cannot find the path specified. (0x3)
[0505/204056.928:ERROR:directory_reader_win.cc(43)] FindFirstFile: The system cannot find the path specified. (0x3)
[0505/205656.738:ERROR:directory_reader_win.cc(43)] FindFirstFile: The system cannot find the path specified. (0x3)
[0505/210037.665:ERROR:directory_reader_win.cc(43)] FindFirstFile: The system cannot find the path specified. (0x3)
[0505/212520.529:ERROR:directory_reader_win.cc(43)] FindFirstFile: The system cannot find the path specified. (0x3)
[0505/212644.492:ERROR:directory_reader_win.cc(43)] FindFirstFile: The system cannot find the path specified. (0x3)
[0505/213543.832:ERROR:directory_reader_win.cc(43)] FindFirstFile: The system cannot find the path specified. (0x3)
[0505/214024.467:ERROR:directory_reader_win.cc(43)] FindFirstFile: The system cannot find the path specified. (0x3)
[0505/214049.150:ERROR:directory_reader_win.cc(43)] FindFirstFile: The system cannot find the path specified. (0x3)
[0505/214819.182:ERROR:directory_reader_win.cc(43)] FindFirstFile: The system cannot find the path specified. (0x3)
[0505/215335.083:ERROR:directory_reader_win.cc(43)] FindFirstFile: The system cannot find the path specified. (0x3)
[0505/221711.855:ERROR:directory_reader_win.cc(43)] FindFirstFile: The system cannot find the path specified. (0x3)
[0505/231331.168:ERROR:directory_reader_win.cc(43)] FindFirstFile: The system cannot find the path specified. (0x3)
[0505/233536.825:ERROR:directory_reader_win.cc(43)] FindFirstFile: The system cannot find the path specified. (0x3)
[0505/235714.056:WARNING:process_subrange_reader.cc(76)] invalid read range 0x17200c28 + 0x1c (32)
[0505/235714.078:WARNING:pe_image_reader.cc(171)] could not read data directory from C:\Program Files (x86)\Google\Chrome\Application\86.0.4240.111\chrome.dll
[0505/235714.078:ERROR:process_memory_range.cc(62)] invalid range
[0505/235714.078:ERROR:process_memory_range.cc(75)] read out of range
[0505/235714.107:WARNING:process_subrange_reader.cc(76)] invalid read range 0x174fc000 + 0x28 (32)
[0505/235714.107:WARNING:pe_image_reader.cc(113)] could not read crashpad info from C:\Program Files (x86)\Google\Chrome\Application\86.0.4240.111\chrome.dll
[0505/235714.108:WARNING:process_subrange_reader.cc(76)] invalid read range 0x174fc000 + 0x28 (32)
[0505/235714.108:WARNING:pe_image_reader.cc(113)] could not read crashpad info from C:\Program Files (x86)\Google\Chrome\Application\86.0.4240.111\chrome.dll
[0505/235714.155:ERROR:process_memory_win.cc(73)] ReadMemory at 0x8c0000 of 64 bytes failed: Only part of a ReadProcessMemory or WriteProcessMemory request was completed. (0x12B)
[0505/235714.164:WARNING:pe_image_reader.cc(340)] could not read dos header from C:\Program Files (x86)\Google\Chrome\Application\chrome.exe
[0505/235714.164:ERROR:process_memory_win.cc(73)] ReadMemory at 0x56fa218 of 44 bytes failed: Only part of a ReadProcessMemory or WriteProcessMemory request was completed. (0x12B)
[0505/235714.164:WARNING:pe_image_annotations_reader.cc(135)] could not read annotations list object in C:\Program Files (x86)\Google\Chrome\Application\86.0.4240.111\chrome_elf.dll
[0505/235714.165:WARNING:process_subrange_reader.cc(76)] invalid read range 0x174fc000 + 0x28 (32)
[0505/235714.165:WARNING:pe_image_reader.cc(113)] could not read crashpad info from C:\Program Files (x86)\Google\Chrome\Application\86.0.4240.111\chrome.dll
[0505/235714.218:ERROR:process_memory_win.cc(73)] ReadMemory at 0x53b2000 of 57344 bytes failed: Only part of a ReadProcessMemory or WriteProcessMemory request was completed. (0x12B)
[0505/235714.219:ERROR:process_memory_win.cc(73)] ReadMemory at 0x757e000 of 8192 bytes failed: Only part of a ReadProcessMemory or WriteProcessMemory request was completed. (0x12B)
[0505/235714.219:ERROR:process_memory_win.cc(73)] ReadMemory at 0x76bc000 of 16384 bytes failed: Only part of a ReadProcessMemory or WriteProcessMemory request was completed. (0x12B)
[0505/235714.219:ERROR:process_memory_win.cc(73)] ReadMemory at 0x77fe000 of 8192 bytes failed: Only part of a ReadProcessMemory or WriteProcessMemory request was completed. (0x12B)
[0505/235714.219:ERROR:process_memory_win.cc(73)] ReadMemory at 0x793d000 of 12288 bytes failed: Only part of a ReadProcessMemory or WriteProcessMemory request was completed. (0x12B)
[0505/235714.219:ERROR:process_memory_win.cc(73)] ReadMemory at 0x7a7c000 of 16384 bytes failed: Only part of a ReadProcessMemory or WriteProcessMemory request was completed. (0x12B)
[0505/235714.219:ERROR:process_memory_win.cc(73)] ReadMemory at 0x7c3d000 of 12288 bytes failed: Only part of a ReadProcessMemory or WriteProcessMemory request was completed. (0x12B)
[0505/235714.220:ERROR:process_memory_win.cc(73)] ReadMemory at 0x7d7d000 of 12288 bytes failed: Only part of a ReadProcessMemory or WriteProcessMemory request was completed. (0x12B)
[0505/235714.220:ERROR:process_memory_win.cc(73)] ReadMemory at 0x7fbe000 of 8192 bytes failed: Only part of a ReadProcessMemory or WriteProcessMemory request was completed. (0x12B)
[0505/235714.220:ERROR:process_memory_win.cc(73)] ReadMemory at 0x80fe000 of 8192 bytes failed: Only part of a ReadProcessMemory or WriteProcessMemory request was completed. (0x12B)
[0505/235714.220:ERROR:process_memory_win.cc(73)] ReadMemory at 0x823d000 of 12288 bytes failed: Only part of a ReadProcessMemory or WriteProcessMemory request was completed. (0x12B)
[0505/235714.220:ERROR:process_memory_win.cc(73)] ReadMemory at 0x8b8d000 of 12288 bytes failed: Only part of a ReadProcessMemory or WriteProcessMemory request was completed. (0x12B)
[0505/235714.220:ERROR:process_memory_win.cc(73)] ReadMemory at 0x8ecd000 of 12288 bytes failed: Only part of a ReadProcessMemory or WriteProcessMemory request was completed. (0x12B)
[0505/235714.220:ERROR:process_memory_win.cc(73)] ReadMemory at 0x838d000 of 12288 bytes failed: Only part of a ReadProcessMemory or WriteProcessMemory request was completed. (0x12B)
[0505/235714.220:ERROR:process_memory_win.cc(73)] ReadMemory at 0x84cd000 of 12288 bytes failed: Only part of a ReadProcessMemory or WriteProcessMemory request was completed. (0x12B)
[0505/235714.221:ERROR:process_memory_win.cc(73)] ReadMemory at 0x860e000 of 8192 bytes failed: Only part of a ReadProcessMemory or WriteProcessMemory request was completed. (0x12B)
[0505/235714.221:ERROR:process_memory_win.cc(73)] ReadMemory at 0xa1ec000 of 16384 bytes failed: Only part of a ReadProcessMemory or WriteProcessMemory request was completed. (0x12B)
[0505/235714.221:ERROR:process_memory_win.cc(73)] ReadMemory at 0xa3ab000 of 20480 bytes failed: Only part of a ReadProcessMemory or WriteProcessMemory request was completed. (0x12B)
[0505/235714.221:ERROR:process_memory_win.cc(73)] ReadMemory at 0xa5fe000 of 8192 bytes failed: Only part of a ReadProcessMemory or WriteProcessMemory request was completed. (0x12B)
[0505/235714.221:ERROR:process_memory_win.cc(73)] ReadMemory at 0xc52e000 of 8192 bytes failed: Only part of a ReadProcessMemory or WriteProcessMemory request was completed. (0x12B)
[0505/235714.221:ERROR:process_memory_win.cc(73)] ReadMemory at 0xc66e000 of 8192 bytes failed: Only part of a ReadProcessMemory or WriteProcessMemory request was completed. (0x12B)
[0505/235714.221:ERROR:process_memory_win.cc(73)] ReadMemory at 0x50d5000 of 560 bytes failed: Only part of a ReadProcessMemory or WriteProcessMemory request was completed. (0x12B)
[0505/235714.221:ERROR:process_memory_win.cc(73)] ReadMemory at 0x50d8000 of 3992 bytes failed: Only part of a ReadProcessMemory or WriteProcessMemory request was completed. (0x12B)
[0505/235714.222:ERROR:process_memory_win.cc(73)] ReadMemory at 0x50db000 of 3992 bytes failed: Only part of a ReadProcessMemory or WriteProcessMemory request was completed. (0x12B)
[0505/235714.222:ERROR:process_memory_win.cc(73)] ReadMemory at 0x50de000 of 3992 bytes failed: Only part of a ReadProcessMemory or WriteProcessMemory request was completed. (0x12B)
[0505/235714.222:ERROR:process_memory_win.cc(73)] ReadMemory at 0x50e1000 of 3992 bytes failed: Only part of a ReadProcessMemory or WriteProcessMemory request was completed. (0x12B)
[0505/235714.222:ERROR:process_memory_win.cc(73)] ReadMemory at 0x50e4000 of 3992 bytes failed: Only part of a ReadProcessMemory or WriteProcessMemory request was completed. (0x12B)
[0505/235714.222:ERROR:process_memory_win.cc(73)] ReadMemory at 0x50e7000 of 3992 bytes failed: Only part of a ReadProcessMemory or WriteProcessMemory request was completed. (0x12B)
[0505/235714.222:ERROR:process_memory_win.cc(73)] ReadMemory at 0x50ea000 of 3992 bytes failed: Only part of a ReadProcessMemory or WriteProcessMemory request was completed. (0x12B)
[0505/235714.222:ERROR:process_memory_win.cc(73)] ReadMemory at 0x50ed000 of 3992 bytes failed: Only part of a ReadProcessMemory or WriteProcessMemory request was completed. (0x12B)
[0505/235714.223:ERROR:process_memory_win.cc(73)] ReadMemory at 0x50f0000 of 3992 bytes failed: Only part of a ReadProcessMemory or WriteProcessMemory request was completed. (0x12B)
[0505/235714.223:ERROR:process_memory_win.cc(73)] ReadMemory at 0x50f3000 of 3992 bytes failed: Only part of a ReadProcessMemory or WriteProcessMemory request was completed. (0x12B)
[0505/235714.223:ERROR:process_memory_win.cc(73)] ReadMemory at 0x50f6000 of 3992 bytes failed: Only part of a ReadProcessMemory or WriteProcessMemory request was completed. (0x12B)
[0505/235714.223:ERROR:process_memory_win.cc(73)] ReadMemory at 0x50f9000 of 3992 bytes failed: Only part of a ReadProcessMemory or WriteProcessMemory request was completed. (0x12B)
[0505/235714.223:ERROR:process_memory_win.cc(73)] ReadMemory at 0x50fc000 of 3992 bytes failed: Only part of a ReadProcessMemory or WriteProcessMemory request was completed. (0x12B)
[0505/235714.223:ERROR:process_memory_win.cc(73)] ReadMemory at 0x50ff000 of 3992 bytes failed: Only part of a ReadProcessMemory or WriteProcessMemory request was completed. (0x12B)
[0505/235714.223:ERROR:process_memory_win.cc(73)] ReadMemory at 0x5102000 of 3992 bytes failed: Only part of a ReadProcessMemory or WriteProcessMemory request was completed. (0x12B)
[0505/235714.224:ERROR:process_memory_win.cc(73)] ReadMemory at 0x5105000 of 3992 bytes failed: Only part of a ReadProcessMemory or WriteProcessMemory request was completed. (0x12B)
[0505/235714.224:ERROR:process_memory_win.cc(73)] ReadMemory at 0x5108000 of 3992 bytes failed: Only part of a ReadProcessMemory or WriteProcessMemory request was completed. (0x12B)
[0505/235714.224:ERROR:process_memory_win.cc(73)] ReadMemory at 0x510b000 of 3992 bytes failed: Only part of a ReadProcessMemory or WriteProcessMemory request was completed. (0x12B)
[0505/235714.224:ERROR:process_memory_win.cc(73)] ReadMemory at 0x510e000 of 3992 bytes failed: Only part of a ReadProcessMemory or WriteProcessMemory request was completed. (0x12B)
[0505/235714.224:ERROR:process_memory_win.cc(73)] ReadMemory at 0x5114000 of 3992 bytes failed: Only part of a ReadProcessMemory or WriteProcessMemory request was completed. (0x12B)
[0505/235714.224:ERROR:process_memory_win.cc(73)] ReadMemory at 0x5117000 of 3992 bytes failed: Only part of a ReadProcessMemory or WriteProcessMemory request was completed. (0x12B)
[0505/235714.224:ERROR:process_memory_win.cc(73)] ReadMemory at 0x56f0af0 of 5048 bytes failed: Only part of a ReadProcessMemory or WriteProcessMemory request was completed. (0x12B)
[0505/235714.224:ERROR:process_memory_win.cc(73)] ReadMemory at 0x56f1eb0 of 660 bytes failed: Only part of a ReadProcessMemory or WriteProcessMemory request was completed. (0x12B)
[0505/235714.225:ERROR:process_memory_win.cc(73)] ReadMemory at 0x56f2364 of 118 bytes failed: Only part of a ReadProcessMemory or WriteProcessMemory request was completed. (0x12B)
[0505/235714.225:ERROR:process_memory_win.cc(73)] ReadMemory at 0x56f23dc of 1222 bytes failed: Only part of a ReadProcessMemory or WriteProcessMemory request was completed. (0x12B)
[0505/235714.225:ERROR:process_memory_win.cc(73)] ReadMemory at 0x56f28a4 of 118 bytes failed: Only part of a ReadProcessMemory or WriteProcessMemory request was completed. (0x12B)
[0505/235714.225:ERROR:process_memory_win.cc(73)] ReadMemory at 0x56f291c of 96 bytes failed: Only part of a ReadProcessMemory or WriteProcessMemory request was completed. (0x12B)
[0505/235714.225:ERROR:process_memory_win.cc(73)] ReadMemory at 0x56f3d40 of 58 bytes failed: Only part of a ReadProcessMemory or WriteProcessMemory request was completed. (0x12B)
[0505/235714.225:ERROR:process_memory_win.cc(73)] ReadMemory at 0x56f3e30 of 72 bytes failed: Only part of a ReadProcessMemory or WriteProcessMemory request was completed. (0x12B)
[0505/235714.225:ERROR:process_memory_win.cc(73)] ReadMemory at 0x56f3f18 of 72 bytes failed: Only part of a ReadProcessMemory or WriteProcessMemory request was completed. (0x12B)
[0505/235714.225:ERROR:process_memory_win.cc(73)] ReadMemory at 0x56f4018 of 126 bytes failed: Only part of a ReadProcessMemory or WriteProcessMemory request was completed. (0x12B)
[0505/235714.225:ERROR:process_memory_win.cc(73)] ReadMemory at 0x56f43d0 of 72 bytes failed: Only part of a ReadProcessMemory or WriteProcessMemory request was completed. (0x12B)
[0505/235714.225:ERROR:process_memory_win.cc(73)] ReadMemory at 0x56f44b8 of 64 bytes failed: Only part of a ReadProcessMemory or WriteProcessMemory request was completed. (0x12B)
[0505/235714.226:ERROR:process_memory_win.cc(73)] ReadMemory at 0x56f45a0 of 72 bytes failed: Only part of a ReadProcessMemory or WriteProcessMemory request was completed. (0x12B)
[0505/235714.226:ERROR:process_memory_win.cc(73)] ReadMemory at 0x56f4698 of 98 bytes failed: Only part of a ReadProcessMemory or WriteProcessMemory request was completed. (0x12B)
[0505/235714.226:ERROR:process_memory_win.cc(73)] ReadMemory at 0x56f4730 of 72 bytes failed: Only part of a ReadProcessMemory or WriteProcessMemory request was completed. (0x12B)
[0505/235714.226:ERROR:process_memory_win.cc(73)] ReadMemory at 0x56f4818 of 68 bytes failed: Only part of a ReadProcessMemory or WriteProcessMemory request was completed. (0x12B)
[0505/235714.226:ERROR:process_memory_win.cc(73)] ReadMemory at 0x56f52b8 of 60 bytes failed: Only part of a ReadProcessMemory or WriteProcessMemory request was completed. (0x12B)
[0505/235714.226:ERROR:process_memory_win.cc(73)] ReadMemory at 0x56f5338 of 72 bytes failed: Only part of a ReadProcessMemory or WriteProcessMemory request was completed. (0x12B)
[0505/235714.226:ERROR:process_memory_win.cc(73)] ReadMemory at 0x56f5420 of 154 bytes failed: Only part of a ReadProcessMemory or WriteProcessMemory request was completed. (0x12B)
[0505/235714.227:ERROR:process_memory_win.cc(73)] ReadMemory at 0x56f5840 of 62 bytes failed: Only part of a ReadProcessMemory or WriteProcessMemory request was completed. (0x12B)
[0505/235714.227:ERROR:process_memory_win.cc(73)] ReadMemory at 0x56f6ab0 of 72 bytes failed: Only part of a ReadProcessMemory or WriteProcessMemory request was completed. (0x12B)
[0505/235714.227:ERROR:process_memory_win.cc(73)] ReadMemory at 0x56f6ba0 of 72 bytes failed: Only part of a ReadProcessMemory or WriteProcessMemory request was completed. (0x12B)
[0505/235714.227:ERROR:process_memory_win.cc(73)] ReadMemory at 0x56f6c88 of 60 bytes failed: Only part of a ReadProcessMemory or WriteProcessMemory request was completed. (0x12B)
[0505/235714.227:ERROR:process_memory_win.cc(73)] ReadMemory at 0x56f6cd0 of 60 bytes failed: Only part of a ReadProcessMemory or WriteProcessMemory request was completed. (0x12B)
[0505/235714.227:ERROR:process_memory_win.cc(73)] ReadMemory at 0x56f9e40 of 72 bytes failed: Only part of a ReadProcessMemory or WriteProcessMemory request was completed. (0x12B)
[0505/235714.227:ERROR:process_memory_win.cc(73)] ReadMemory at 0x56fa020 of 72 bytes failed: Only part of a ReadProcessMemory or WriteProcessMemory request was completed. (0x12B)
[0505/235714.227:ERROR:process_memory_win.cc(73)] ReadMemory at 0x56fa0d0 of 58 bytes failed: Only part of a ReadProcessMemory or WriteProcessMemory request was completed. (0x12B)
[0505/235714.228:ERROR:process_memory_win.cc(73)] ReadMemory at 0x56fa158 of 58 bytes failed: Only part of a ReadProcessMemory or WriteProcessMemory request was completed. (0x12B)
[0505/235714.228:ERROR:process_memory_win.cc(73)] ReadMemory at 0x56fa1a0 of 66 bytes failed: Only part of a ReadProcessMemory or WriteProcessMemory request was completed. (0x12B)
[0505/235714.228:ERROR:process_memory_win.cc(73)] ReadMemory at 0x56fe8a0 of 72 bytes failed: Only part of a ReadProcessMemory or WriteProcessMemory request was completed. (0x12B)
[0505/235714.228:ERROR:process_memory_win.cc(73)] ReadMemory at 0x56fea08 of 72 bytes failed: Only part of a ReadProcessMemory or WriteProcessMemory request was completed. (0x12B)
[0505/235714.228:ERROR:process_memory_win.cc(73)] ReadMemory at 0x56febf8 of 72 bytes failed: Only part of a ReadProcessMemory or WriteProcessMemory request was completed. (0x12B)
[0505/235714.228:ERROR:process_memory_win.cc(73)] ReadMemory at 0x56feca8 of 66 bytes failed: Only part of a ReadProcessMemory or WriteProcessMemory request was completed. (0x12B)
[0505/235714.229:ERROR:process_memory_win.cc(73)] ReadMemory at 0x56fee20 of 72 bytes failed: Only part of a ReadProcessMemory or WriteProcessMemory request was completed. (0x12B)
[0505/235714.229:ERROR:process_memory_win.cc(73)] ReadMemory at 0x56feed0 of 64 bytes failed: Only part of a ReadProcessMemory or WriteProcessMemory request was completed. (0x12B)
[0505/235714.229:ERROR:process_memory_win.cc(73)] ReadMemory at 0x56ff048 of 72 bytes failed: Only part of a ReadProcessMemory or WriteProcessMemory request was completed. (0x12B)
[0505/235714.229:ERROR:process_memory_win.cc(73)] ReadMemory at 0x56ff0f8 of 72 bytes failed: Only part of a ReadProcessMemory or WriteProcessMemory request was completed. (0x12B)
[0505/235714.229:ERROR:process_memory_win.cc(73)] ReadMemory at 0x56ff1a8 of 72 bytes failed: Only part of a ReadProcessMemory or WriteProcessMemory request was completed. (0x12B)
[0505/235714.229:ERROR:process_memory_win.cc(73)] ReadMemory at 0x56ff258 of 72 bytes failed: Only part of a ReadProcessMemory or WriteProcessMemory request was completed. (0x12B)
[0505/235714.229:ERROR:process_memory_win.cc(73)] ReadMemory at 0x56ff308 of 72 bytes failed: Only part of a ReadProcessMemory or WriteProcessMemory request was completed. (0x12B)
[0505/235714.229:ERROR:process_memory_win.cc(73)] ReadMemory at 0x56ff3b8 of 72 bytes failed: Only part of a ReadProcessMemory or WriteProcessMemory request was completed. (0x12B)
[0505/235714.229:ERROR:process_memory_win.cc(73)] ReadMemory at 0x56ff468 of 72 bytes failed: Only part of a ReadProcessMemory or WriteProcessMemory request was completed. (0x12B)
[0505/235714.230:ERROR:process_memory_win.cc(73)] ReadMemory at 0x56ff518 of 72 bytes failed: Only part of a ReadProcessMemory or WriteProcessMemory request was completed. (0x12B)
[0505/235714.230:ERROR:process_memory_win.cc(73)] ReadMemory at 0x56ff5c8 of 72 bytes failed: Only part of a ReadProcessMemory or WriteProcessMemory request was completed. (0x12B)
[0505/235714.230:ERROR:process_memory_win.cc(73)] ReadMemory at 0x56ff678 of 72 bytes failed: Only part of a ReadProcessMemory or WriteProcessMemory request was completed. (0x12B)
[0505/235714.230:ERROR:process_memory_win.cc(73)] ReadMemory at 0x56ff728 of 72 bytes failed: Only part of a ReadProcessMemory or WriteProcessMemory request was completed. (0x12B)
[0505/235714.230:ERROR:process_memory_win.cc(73)] ReadMemory at 0x56ff7d8 of 72 bytes failed: Only part of a ReadProcessMemory or WriteProcessMemory request was completed. (0x12B)
[0505/235714.230:ERROR:process_memory_win.cc(73)] ReadMemory at 0x56ff888 of 72 bytes failed: Only part of a ReadProcessMemory or WriteProcessMemory request was completed. (0x12B)
[0505/235714.231:ERROR:process_memory_win.cc(73)] ReadMemory at 0x56ff938 of 72 bytes failed: Only part of a ReadProcessMemory or WriteProcessMemory request was completed. (0x12B)
[0505/235714.231:ERROR:process_memory_win.cc(73)] ReadMemory at 0x56ff9e8 of 72 bytes failed: Only part of a ReadProcessMemory or WriteProcessMemory request was completed. (0x12B)
[0505/235714.231:ERROR:process_memory_win.cc(73)] ReadMemory at 0x56ffa98 of 72 bytes failed: Only part of a ReadProcessMemory or WriteProcessMemory request was completed. (0x12B)
[0505/235714.231:ERROR:process_memory_win.cc(73)] ReadMemory at 0x56ffb48 of 72 bytes failed: Only part of a ReadProcessMemory or WriteProcessMemory request was completed. (0x12B)
[0505/235714.231:ERROR:process_memory_win.cc(73)] ReadMemory at 0x56ffca8 of 72 bytes failed: Only part of a ReadProcessMemory or WriteProcessMemory request was completed. (0x12B)
[0505/235714.231:ERROR:process_memory_win.cc(73)] ReadMemory at 0x56ffd58 of 72 bytes failed: Only part of a ReadProcessMemory or WriteProcessMemory request was completed. (0x12B)
[0505/235714.231:ERROR:process_memory_win.cc(73)] ReadMemory at 0x56ffe08 of 72 bytes failed: Only part of a ReadProcessMemory or WriteProcessMemory request was completed. (0x12B)
[0505/235714.231:ERROR:process_memory_win.cc(73)] ReadMemory at 0x56ffeb8 of 72 bytes failed: Only part of a ReadProcessMemory or WriteProcessMemory request was completed. (0x12B)
[0505/235714.231:ERROR:process_memory_win.cc(73)] ReadMemory at 0x56fff68 of 72 bytes failed: Only part of a ReadProcessMemory or WriteProcessMemory request was completed. (0x12B)
[0505/235714.232:ERROR:process_memory_win.cc(73)] ReadMemory at 0x5700028 of 64 bytes failed: Only part of a ReadProcessMemory or WriteProcessMemory request was completed. (0x12B)
[0505/235714.232:ERROR:process_memory_win.cc(73)] ReadMemory at 0x57001c0 of 62 bytes failed: Only part of a ReadProcessMemory or WriteProcessMemory request was completed. (0x12B)
[0505/235714.232:ERROR:process_memory_win.cc(73)] ReadMemory at 0x5700320 of 60 bytes failed: Only part of a ReadProcessMemory or WriteProcessMemory request was completed. (0x12B)
[0505/235714.232:ERROR:process_memory_win.cc(73)] ReadMemory at 0x5700478 of 62 bytes failed: Only part of a ReadProcessMemory or WriteProcessMemory request was completed. (0x12B)
[0505/235714.232:ERROR:process_memory_win.cc(73)] ReadMemory at 0x57005a8 of 66 bytes failed: Only part of a ReadProcessMemory or WriteProcessMemory request was completed. (0x12B)
[0505/235714.232:ERROR:process_memory_win.cc(73)] ReadMemory at 0x5700698 of 80 bytes failed: Only part of a ReadProcessMemory or WriteProcessMemory request was completed. (0x12B)
[0505/235714.232:ERROR:process_memory_win.cc(73)] ReadMemory at 0x5700b00 of 64 bytes failed: Only part of a ReadProcessMemory or WriteProcessMemory request was completed. (0x12B)
[0505/235714.232:ERROR:process_memory_win.cc(73)] ReadMemory at 0x5700b90 of 62 bytes failed: Only part of a ReadProcessMemory or WriteProcessMemory request was completed. (0x12B)
[0505/235714.232:ERROR:process_memory_win.cc(73)] ReadMemory at 0x5700de8 of 64 bytes failed: Only part of a ReadProcessMemory or WriteProcessMemory request was completed. (0x12B)
[0505/235714.232:ERROR:process_memory_win.cc(73)] ReadMemory at 0x5701778 of 60 bytes failed: Only part of a ReadProcessMemory or WriteProcessMemory request was completed. (0x12B)
[0505/235714.233:ERROR:process_memory_win.cc(73)] ReadMemory at 0x5701a10 of 62 bytes failed: Only part of a ReadProcessMemory or WriteProcessMemory request was completed. (0x12B)
[0505/235714.233:ERROR:process_memory_win.cc(73)] ReadMemory at 0x5701c08 of 58 bytes failed: Only part of a ReadProcessMemory or WriteProcessMemory request was completed. (0x12B)
[0505/235714.233:ERROR:process_memory_win.cc(73)] ReadMemory at 0x5701c98 of 62 bytes failed: Only part of a ReadProcessMemory or WriteProcessMemory request was completed. (0x12B)
[0505/235714.233:ERROR:process_memory_win.cc(73)] ReadMemory at 0x5701d70 of 62 bytes failed: Only part of a ReadProcessMemory or WriteProcessMemory request was completed. (0x12B)
[0505/235714.233:ERROR:process_memory_win.cc(73)] ReadMemory at 0x5701e90 of 62 bytes failed: Only part of a ReadProcessMemory or WriteProcessMemory request was completed. (0x12B)
[0505/235714.233:ERROR:process_memory_win.cc(73)] ReadMemory at 0x5702040 of 62 bytes failed: Only part of a ReadProcessMemory or WriteProcessMemory request was completed. (0x12B)
[0505/235714.233:ERROR:process_memory_win.cc(73)] ReadMemory at 0x57022b8 of 78 bytes failed: Only part of a ReadProcessMemory or WriteProcessMemory request was completed. (0x12B)
[0505/235714.233:ERROR:process_memory_win.cc(73)] ReadMemory at 0x57025e0 of 80 bytes failed: Only part of a ReadProcessMemory or WriteProcessMemory request was completed. (0x12B)
[0505/235714.233:ERROR:process_memory_win.cc(73)] ReadMemory at 0x5702640 of 64 bytes failed: Only part of a ReadProcessMemory or WriteProcessMemory request was completed. (0x12B)
[0505/235714.233:ERROR:process_memory_win.cc(73)] ReadMemory at 0x5702948 of 76 bytes failed: Only part of a ReadProcessMemory or WriteProcessMemory request was completed. (0x12B)
[0505/235714.234:ERROR:process_memory_win.cc(73)] ReadMemory at 0x5702b38 of 64 bytes failed: Only part of a ReadProcessMemory or WriteProcessMemory request was completed. (0x12B)
[0505/235714.234:ERROR:process_memory_win.cc(73)] ReadMemory at 0x57064c0 of 64 bytes failed: Only part of a ReadProcessMemory or WriteProcessMemory request was completed. (0x12B)
[0505/235714.234:ERROR:process_memory_win.cc(73)] ReadMemory at 0x57066f0 of 64 bytes failed: Only part of a ReadProcessMemory or WriteProcessMemory request was completed. (0x12B)
[0505/235714.234:ERROR:process_memory_win.cc(73)] ReadMemory at 0x5706b00 of 64 bytes failed: Only part of a ReadProcessMemory or WriteProcessMemory request was completed. (0x12B)
[0505/235714.234:ERROR:process_memory_win.cc(73)] ReadMemory at 0x5710af8 of 54 bytes failed: Only part of a ReadProcessMemory or WriteProcessMemory request was completed. (0x12B)
[0505/235714.234:ERROR:process_memory_win.cc(73)] ReadMemory at 0x5712d80 of 58 bytes failed: Only part of a ReadProcessMemory or WriteProcessMemory request was completed. (0x12B)
[0505/235714.234:ERROR:process_memory_win.cc(73)] ReadMemory at 0x5713248 of 60 bytes failed: Only part of a ReadProcessMemory or WriteProcessMemory request was completed. (0x12B)
[0505/235714.234:ERROR:process_memory_win.cc(73)] ReadMemory at 0x5713320 of 62 bytes failed: Only part of a ReadProcessMemory or WriteProcessMemory request was completed. (0x12B)
[0505/235714.234:ERROR:process_memory_win.cc(73)] ReadMemory at 0x57133f8 of 62 bytes failed: Only part of a ReadProcessMemory or WriteProcessMemory request was completed. (0x12B)
[0505/235714.234:ERROR:process_memory_win.cc(73)] ReadMemory at 0x5713440 of 60 bytes failed: Only part of a ReadProcessMemory or WriteProcessMemory request was completed. (0x12B)
[0505/235714.235:ERROR:process_memory_win.cc(73)] ReadMemory at 0x5713950 of 62 bytes failed: Only part of a ReadProcessMemory or WriteProcessMemory request was completed. (0x12B)
[0505/235714.235:ERROR:process_memory_win.cc(73)] ReadMemory at 0x5714178 of 68 bytes failed: Only part of a ReadProcessMemory or WriteProcessMemory request was completed. (0x12B)
[0505/235714.235:ERROR:process_memory_win.cc(73)] ReadMemory at 0x571c820 of 146 bytes failed: Only part of a ReadProcessMemory or WriteProcessMemory request was completed. (0x12B)
[0505/235714.235:ERROR:process_memory_win.cc(73)] ReadMemory at 0x571fa68 of 72 bytes failed: Only part of a ReadProcessMemory or WriteProcessMemory request was completed. (0x12B)
[0505/235714.235:ERROR:process_memory_win.cc(73)] ReadMemory at 0x571fbb8 of 72 bytes failed: Only part of a ReadProcessMemory or WriteProcessMemory request was completed. (0x12B)
[0505/235714.235:ERROR:process_memory_win.cc(73)] ReadMemory at 0x5720050 of 72 bytes failed: Only part of a ReadProcessMemory or WriteProcessMemory request was completed. (0x12B)
[0505/235714.235:ERROR:process_memory_win.cc(73)] ReadMemory at 0x5737978 of 72 bytes failed: Only part of a ReadProcessMemory or WriteProcessMemory request was completed. (0x12B)
[0505/235714.235:ERROR:process_memory_win.cc(73)] ReadMemory at 0x5737b88 of 72 bytes failed: Only part of a ReadProcessMemory or WriteProcessMemory request was completed. (0x12B)
[0505/235714.236:ERROR:process_memory_win.cc(73)] ReadMemory at 0x5737d98 of 72 bytes failed: Only part of a ReadProcessMemory or WriteProcessMemory request was completed. (0x12B)
[0505/235714.236:ERROR:process_memory_win.cc(73)] ReadMemory at 0x5737e48 of 72 bytes failed: Only part of a ReadProcessMemory or WriteProcessMemory request was completed. (0x12B)
[0505/235714.236:ERROR:process_memory_win.cc(73)] ReadMemory at 0x5737ef8 of 72 bytes failed: Only part of a ReadProcessMemory or WriteProcessMemory request was completed. (0x12B)
[0505/235714.236:ERROR:process_memory_win.cc(73)] ReadMemory at 0x5737fa8 of 72 bytes failed: Only part of a ReadProcessMemory or WriteProcessMemory request was completed. (0x12B)
[0505/235714.236:ERROR:process_memory_win.cc(73)] ReadMemory at 0x5738058 of 72 bytes failed: Only part of a ReadProcessMemory or WriteProcessMemory request was completed. (0x12B)
[0505/235714.236:ERROR:process_memory_win.cc(73)] ReadMemory at 0x57381b8 of 72 bytes failed: Only part of a ReadProcessMemory or WriteProcessMemory request was completed. (0x12B)
[0505/235714.236:ERROR:process_memory_win.cc(73)] ReadMemory at 0x5738268 of 72 bytes failed: Only part of a ReadProcessMemory or WriteProcessMemory request was completed. (0x12B)
[0505/235714.236:ERROR:process_memory_win.cc(73)] ReadMemory at 0x57383c8 of 72 bytes failed: Only part of a ReadProcessMemory or WriteProcessMemory request was completed. (0x12B)
[0505/235714.236:ERROR:process_memory_win.cc(73)] ReadMemory at 0x5738478 of 72 bytes failed: Only part of a ReadProcessMemory or WriteProcessMemory request was completed. (0x12B)
[0505/235714.237:ERROR:process_memory_win.cc(73)] ReadMemory at 0x5738528 of 72 bytes failed: Only part of a ReadProcessMemory or WriteProcessMemory request was completed. (0x12B)
[0505/235714.237:ERROR:process_memory_win.cc(73)] ReadMemory at 0x5738738 of 72 bytes failed: Only part of a ReadProcessMemory or WriteProcessMemory request was completed. (0x12B)
[0505/235714.237:ERROR:process_memory_win.cc(73)] ReadMemory at 0x5738898 of 72 bytes failed: Only part of a ReadProcessMemory or WriteProcessMemory request was completed. (0x12B)
[0505/235714.237:ERROR:process_memory_win.cc(73)] ReadMemory at 0x5738948 of 72 bytes failed: Only part of a ReadProcessMemory or WriteProcessMemory request was completed. (0x12B)
[0505/235714.237:ERROR:process_memory_win.cc(73)] ReadMemory at 0x5738cb8 of 72 bytes failed: Only part of a ReadProcessMemory or WriteProcessMemory request was completed. (0x12B)
[0505/235714.237:ERROR:process_memory_win.cc(73)] ReadMemory at 0x5738e18 of 72 bytes failed: Only part of a ReadProcessMemory or WriteProcessMemory request was completed. (0x12B)
[0505/235714.237:ERROR:process_memory_win.cc(73)] ReadMemory at 0x573d8f0 of 62 bytes failed: Only part of a ReadProcessMemory or WriteProcessMemory request was completed. (0x12B)
[0505/235714.237:ERROR:process_memory_win.cc(73)] ReadMemory at 0x573da10 of 60 bytes failed: Only part of a ReadProcessMemory or WriteProcessMemory request was completed. (0x12B)
[0505/235714.237:ERROR:process_memory_win.cc(73)] ReadMemory at 0x573db30 of 62 bytes failed: Only part of a ReadProcessMemory or WriteProcessMemory request was completed. (0x12B)
[0505/235714.237:ERROR:process_memory_win.cc(73)] ReadMemory at 0x573dbc0 of 62 bytes failed: Only part of a ReadProcessMemory or WriteProcessMemory request was completed. (0x12B)
[0505/235714.238:ERROR:process_memory_win.cc(73)] ReadMemory at 0x573dd70 of 60 bytes failed: Only part of a ReadProcessMemory or WriteProcessMemory request was completed. (0x12B)
[0505/235714.238:ERROR:process_memory_win.cc(73)] ReadMemory at 0x573e150 of 512 bytes failed: Only part of a ReadProcessMemory or WriteProcessMemory request was completed. (0x12B)
[0505/235714.238:ERROR:process_memory_win.cc(73)] ReadMemory at 0x573ef90 of 560 bytes failed: Only part of a ReadProcessMemory or WriteProcessMemory request was completed. (0x12B)
[0505/235714.238:ERROR:process_memory_win.cc(73)] ReadMemory at 0x573f380 of 64 bytes failed: Only part of a ReadProcessMemory or WriteProcessMemory request was completed. (0x12B)
[0505/235714.238:ERROR:process_memory_win.cc(73)] ReadMemory at 0x5770610 of 512 bytes failed: Only part of a ReadProcessMemory or WriteProcessMemory request was completed. (0x12B)
[0505/235714.238:ERROR:process_memory_win.cc(73)] ReadMemory at 0x5794f28 of 512 bytes failed: Only part of a ReadProcessMemory or WriteProcessMemory request was completed. (0x12B)
[0505/235714.238:ERROR:process_memory_win.cc(73)] ReadMemory at 0x5799880 of 512 bytes failed: Only part of a ReadProcessMemory or WriteProcessMemory request was completed. (0x12B)
[0505/235714.238:ERROR:process_memory_win.cc(73)] ReadMemory at 0x57b6eb8 of 512 bytes failed: Only part of a ReadProcessMemory or WriteProcessMemory request was completed. (0x12B)
[0505/235714.239:ERROR:process_memory_win.cc(73)] ReadMemory at 0x9851f70 of 512 bytes failed: Only part of a ReadProcessMemory or WriteProcessMemory request was completed. (0x12B)
[0505/235714.239:ERROR:process_memory_win.cc(73)] ReadMemory at 0xacdc0e0 of 512 bytes failed: Only part of a ReadProcessMemory or WriteProcessMemory request was completed. (0x12B)
[0505/235714.239:ERROR:process_memory_win.cc(73)] ReadMemory at 0xacfbba0 of 512 bytes failed: Only part of a ReadProcessMemory or WriteProcessMemory request was completed. (0x12B)
[0505/235714.239:ERROR:process_memory_win.cc(73)] ReadMemory at 0xacfe360 of 512 bytes failed: Only part of a ReadProcessMemory or WriteProcessMemory request was completed. (0x12B)
[0505/235714.239:ERROR:process_memory_win.cc(73)] ReadMemory at 0x752a2782 of 512 bytes failed: Only part of a ReadProcessMemory or WriteProcessMemory request was completed. (0x12B)
[0505/235714.239:ERROR:process_memory_win.cc(73)] ReadMemory at 0x777f7740 of 18 bytes failed: Only part of a ReadProcessMemory or WriteProcessMemory request was completed. (0x12B)
[0505/235714.239:ERROR:process_memory_win.cc(73)] ReadMemory at 0x77839340 of 512 bytes failed: Only part of a ReadProcessMemory or WriteProcessMemory request was completed. (0x12B)
[0505/235714.239:ERROR:process_memory_win.cc(73)] ReadMemory at 0x778614ac of 592 bytes failed: Only part of a ReadProcessMemory or WriteProcessMemory request was completed. (0x12B)
[0505/235714.239:ERROR:process_memory_win.cc(73)] ReadMemory at 0x778617cc of 512 bytes failed: Only part of a ReadProcessMemory or WriteProcessMemory request was completed. (0x12B)
[0505/235714.240:ERROR:process_memory_win.cc(73)] ReadMemory at 0x7786311c of 560 bytes failed: Only part of a ReadProcessMemory or WriteProcessMemory request was completed. (0x12B)
[0505/235714.240:ERROR:process_memory_win.cc(73)] ReadMemory at 0x7790e368 of 24 bytes failed: Only part of a ReadProcessMemory or WriteProcessMemory request was completed. (0x12B)
[0505/235714.240:ERROR:process_memory_win.cc(73)] ReadMemory at 0x7790e704 of 32 bytes failed: Only part of a ReadProcessMemory or WriteProcessMemory request was completed. (0x12B)
[0505/235714.240:ERROR:process_memory_win.cc(73)] ReadMemory at 0x77910c40 of 36 bytes failed: Only part of a ReadProcessMemory or WriteProcessMemory request was completed. (0x12B)
[0505/235714.240:ERROR:process_memory_win.cc(73)] ReadMemory at 0x782880b0 of 512 bytes failed: Only part of a ReadProcessMemory or WriteProcessMemory request was completed. (0x12B)
[0505/235714.240:ERROR:process_memory_win.cc(73)] ReadMemory at 0x7d513b46 of 512 bytes failed: Only part of a ReadProcessMemory or WriteProcessMemory request was completed. (0x12B)
[0505/235714.268:ERROR:scoped_process_suspend.cc(40)] NtResumeProcess: An attempt was made to access an exiting process. (0xc000010a)
[0506/164501.286:ERROR:directory_reader_win.cc(43)] FindFirstFile: The system cannot find the path specified. (0x3)
[0506/171417.687:ERROR:directory_reader_win.cc(43)] FindFirstFile: The system cannot find the path specified. (0x3)
[0506/173439.351:ERROR:directory_reader_win.cc(43)] FindFirstFile: The system cannot find the path specified. (0x3)
[0506/174010.903:ERROR:directory_reader_win.cc(43)] FindFirstFile: The system cannot find the path specified. (0x3)
[0506/222531.579:ERROR:directory_reader_win.cc(43)] FindFirstFile: The system cannot find the path specified. (0x3)
[0506/223152.890:ERROR:directory_reader_win.cc(43)] FindFirstFile: The system cannot find the path specified. (0x3)
[0506/225213.669:ERROR:directory_reader_win.cc(43)] FindFirstFile: The system cannot find the path specified. (0x3)
[0506/231645.275:ERROR:directory_reader_win.cc(43)] FindFirstFile: The system cannot find the path specified. (0x3)
[0514/175528.453:ERROR:directory_reader_win.cc(43)] FindFirstFile: The system cannot find the path specified. (0x3)
[0514/180941.459:ERROR:directory_reader_win.cc(43)] FindFirstFile: The system cannot find the path specified. (0x3)
[0514/183950.003:ERROR:directory_reader_win.cc(43)] FindFirstFile: The system cannot find the path specified. (0x3)
[0514/184215.875:ERROR:directory_reader_win.cc(43)] FindFirstFile: The system cannot find the path specified. (0x3)
[0514/184514.151:ERROR:directory_reader_win.cc(43)] FindFirstFile: The system cannot find the path specified. (0x3)
[0514/185459.279:ERROR:directory_reader_win.cc(43)] FindFirstFile: The system cannot find the path specified. (0x3)
[0515/205533.364:ERROR:directory_reader_win.cc(43)] FindFirstFile: The system cannot find the path specified. (0x3)
[0515/213135.352:ERROR:directory_reader_win.cc(43)] FindFirstFile: The system cannot find the path specified. (0x3)
[0515/214017.363:ERROR:directory_reader_win.cc(43)] FindFirstFile: The system cannot find the path specified. (0x3)
[0515/223134.689:ERROR:directory_reader_win.cc(43)] FindFirstFile: The system cannot find the path specified. (0x3)
[0515/223244.591:ERROR:directory_reader_win.cc(43)] FindFirstFile: The system cannot find the path specified. (0x3)
[0515/223823.060:ERROR:directory_reader_win.cc(43)] FindFirstFile: The system cannot find the path specified. (0x3)
[0515/224440.889:ERROR:directory_reader_win.cc(43)] FindFirstFile: The system cannot find the path specified. (0x3)
[0515/224947.883:ERROR:directory_reader_win.cc(43)] FindFirstFile: The system cannot find the path specified. (0x3)
[0516/135129.395:ERROR:directory_reader_win.cc(43)] FindFirstFile: The system cannot find the path specified. (0x3)
[0516/135353.899:ERROR:directory_reader_win.cc(43)] FindFirstFile: The system cannot find the path specified. (0x3)
[0516/135716.997:ERROR:directory_reader_win.cc(43)] FindFirstFile: The system cannot find the path specified. (0x3)
[0516/141733.341:ERROR:directory_reader_win.cc(43)] FindFirstFile: The system cannot find the path specified. (0x3)
[0516/142133.400:ERROR:directory_reader_win.cc(43)] FindFirstFile: The system cannot find the path specified. (0x3)
[0516/142339.597:ERROR:directory_reader_win.cc(43)] FindFirstFile: The system cannot find the path specified. (0x3)
[0516/142404.984:ERROR:directory_reader_win.cc(43)] FindFirstFile: The system cannot find the path specified. (0x3)
[0516/151554.141:ERROR:process_reader_win.cc(90)] NtQuerySystemInformation: {Not Enough Quota} Not enough virtual memory or paging file quota is available to complete the specified operation. (0xc0000017)
[0516/151554.212:ERROR:exception_snapshot_win.cc(99)] thread ID 1872 not found in process
[0516/160604.894:ERROR:directory_reader_win.cc(43)] FindFirstFile: The system cannot find the path specified. (0x3)
